<?xml version="1.0" encoding="UTF-8"?>
<testng-results ignored="0" total="1" passed="1" failed="0" skipped="0">
  <reporter-output>
  </reporter-output>
  <suite started-at="2025-05-04T19:06:56 IST" name="Default suite" finished-at="2025-05-04T19:07:09 IST" duration-ms="13126">
    <groups>
    </groups>
    <test started-at="2025-05-04T19:06:56 IST" name="Default test" finished-at="2025-05-04T19:07:09 IST" duration-ms="13126">
      <class name="testCases.TC001_SmokeTest">
        <test-method is-config="true" signature="Setup()[pri:0, instance:testCases.TC001_SmokeTest@135606db]" started-at="2025-05-04T19:06:56 IST" name="Setup" finished-at="2025-05-04T19:07:06 IST" duration-ms="10355" status="PASS">
          <reporter-output>
          </reporter-output>
        </test-method> <!-- Setup -->
        <test-method signature="HomePageClick()[pri:0, instance:testCases.TC001_SmokeTest@135606db]" started-at="2025-05-04T19:07:06 IST" name="HomePageClick" finished-at="2025-05-04T19:07:09 IST" duration-ms="2663" status="PASS">
          <reporter-output>
          </reporter-output>
        </test-method> <!-- HomePageClick -->
        <test-method is-config="true" signature="GetUp()[pri:0, instance:testCases.TC001_SmokeTest@135606db]" started-at="2025-05-04T19:07:09 IST" name="GetUp" finished-at="2025-05-04T19:07:09 IST" duration-ms="1" status="PASS">
          <reporter-output>
          </reporter-output>
        </test-method> <!-- GetUp -->
      </class> <!-- testCases.TC001_SmokeTest -->
    </test> <!-- Default test -->
  </suite> <!-- Default suite -->
</testng-results>
